#
# There is insufficient memory for the Java Runtime Environment to continue.
# Native memory allocation (malloc) failed to allocate 2295408 bytes. Error detail: Chunk::new
# Possible reasons:
#   The system is out of physical RAM or swap space
#   This process is running with CompressedOops enabled, and the Java Heap may be blocking the growth of the native heap
# Possible solutions:
#   Reduce memory load on the system
#   Increase physical memory or swap space
#   Check if swap backing store is full
#   Decrease Java heap size (-Xmx/-Xms)
#   Decrease number of Java threads
#   Decrease Java thread stack sizes (-Xss)
#   Set larger code cache with -XX:ReservedCodeCacheSize=
#   JVM is running with Zero Based Compressed Oops mode in which the Java heap is
#     placed in the first 32GB address space. The Java Heap base address is the
#     maximum limit for the native heap growth. Please use -XX:HeapBaseMinAddress
#     to set the Java Heap base and to place the Java Heap above 32GB virtual address.
# This output file may be truncated or incomplete.
#
#  Out of Memory Error (arena.cpp:191), pid=15392, tid=4068
#
# JRE version: OpenJDK Runtime Environment Corretto-17.0.14.7.1 (17.0.14+7) (build 17.0.14+7-LTS)
# Java VM: OpenJDK 64-Bit Server VM Corretto-17.0.14.7.1 (17.0.14+7-LTS, mixed mode, sharing, tiered, compressed oops, compressed class ptrs, g1 gc, windows-amd64)
# No core dump will be written. Minidumps are not enabled by default on client versions of Windows
#

---------------  S U M M A R Y ------------

Command Line: -agentlib:jdwp=transport=dt_socket,address=127.0.0.1:52503,suspend=y,server=n -ea -Didea.test.cyclic.buffer.size=1048576 -javaagent:C:\Users\Admin\AppData\Local\JetBrains\IdeaIC2024.3\captureAgent\debugger-agent.jar -Dkotlinx.coroutines.debug.enable.creation.stack.trace=false -Ddebugger.agent.enable.coroutines=true -Dkotlinx.coroutines.debug.enable.flows.stack.trace=true -Dkotlinx.coroutines.debug.enable.mutable.state.flows.stack.trace=true -Dfile.encoding=UTF-8 com.intellij.rt.testng.RemoteTestNGStarter -usedefaultlisteners false -socket52502 @w@C:\Users\Admin\AppData\Local\Temp\idea_working_dirs_testng1.tmp -temp C:\Users\Admin\AppData\Local\Temp\idea_testng1.tmp

Host: AMD Ryzen 5 7530U with Radeon Graphics         , 12 cores, 13G,  Windows 11 , 64 bit Build 22621 (10.0.22621.1635)
Time: Mon Mar 31 19:37:20 2025  Windows 11 , 64 bit Build 22621 (10.0.22621.1635) elapsed time: 3.214965 seconds (0d 0h 0m 3s)

---------------  T H R E A D  ---------------

Current thread (0x000002055d01aea0):  JavaThread "C2 CompilerThread0" daemon [_thread_in_native, id=4068, stack(0x000000a268f00000,0x000000a269000000)]


Current CompileTask:
C2:   3215 2221       4       java.time.zone.Ser::readOffset (34 bytes)

Stack: [0x000000a268f00000,0x000000a269000000]
Native frames: (J=compiled Java code, j=interpreted, Vv=VM code, C=native code)
V  [jvm.dll+0x681069]
V  [jvm.dll+0x838cca]
V  [jvm.dll+0x83a78e]
V  [jvm.dll+0x83adf3]
V  [jvm.dll+0x24826f]
V  [jvm.dll+0xac9f4]
V  [jvm.dll+0xad03c]
V  [jvm.dll+0x367937]
V  [jvm.dll+0x331cda]
V  [jvm.dll+0x33117a]
V  [jvm.dll+0x21a7b1]
V  [jvm.dll+0x219bf1]
V  [jvm.dll+0x1a599d]
V  [jvm.dll+0x22994d]
V  [jvm.dll+0x227adc]
V  [jvm.dll+0x7edb77]
V  [jvm.dll+0x7e7f6c]
V  [jvm.dll+0x67ff37]
C  [ucrtbase.dll+0x29363]
C  [KERNEL32.DLL+0x126ad]
C  [ntdll.dll+0x5a9f8]


---------------  P R O C E S S  ---------------

Threads class SMR info:
_java_thread_list=0x00000205602d33f0, length=23, elements={
0x0000020574dee0c0, 0x000002057e95bd60, 0x000002055d000080, 0x000002055d00f440,
0x000002055d00ff10, 0x000002055d0128f0, 0x000002055d0171d0, 0x000002055d01aea0,
0x000002055d027180, 0x000002055d027a90, 0x000002057e9437c0, 0x000002055d1be770,
0x000002055d1bfe30, 0x000002055d1c06c0, 0x000002055d2bc460, 0x000002055f5d48f0,
0x000002055f5d39c0, 0x000002055f5d4e00, 0x000002055f5d5310, 0x000002055e7a9150,
0x000002055e7aabe0, 0x000002055f5d2a90, 0x000002055fe5f7d0
}

Java Threads: ( => current thread )
  0x0000020574dee0c0 JavaThread "main" [_thread_in_vm, id=8216, stack(0x000000a268200000,0x000000a268300000)]
  0x000002057e95bd60 JavaThread "Reference Handler" daemon [_thread_blocked, id=16272, stack(0x000000a268900000,0x000000a268a00000)]
  0x000002055d000080 JavaThread "Finalizer" daemon [_thread_blocked, id=928, stack(0x000000a268a00000,0x000000a268b00000)]
  0x000002055d00f440 JavaThread "Signal Dispatcher" daemon [_thread_blocked, id=15852, stack(0x000000a268b00000,0x000000a268c00000)]
  0x000002055d00ff10 JavaThread "Attach Listener" daemon [_thread_blocked, id=15700, stack(0x000000a268c00000,0x000000a268d00000)]
  0x000002055d0128f0 JavaThread "Service Thread" daemon [_thread_blocked, id=7856, stack(0x000000a268d00000,0x000000a268e00000)]
  0x000002055d0171d0 JavaThread "Monitor Deflation Thread" daemon [_thread_blocked, id=13120, stack(0x000000a268e00000,0x000000a268f00000)]
=>0x000002055d01aea0 JavaThread "C2 CompilerThread0" daemon [_thread_in_native, id=4068, stack(0x000000a268f00000,0x000000a269000000)]
  0x000002055d027180 JavaThread "C1 CompilerThread0" daemon [_thread_blocked, id=12384, stack(0x000000a269000000,0x000000a269100000)]
  0x000002055d027a90 JavaThread "Sweeper thread" daemon [_thread_blocked, id=7212, stack(0x000000a269100000,0x000000a269200000)]
  0x000002057e9437c0 JavaThread "Common-Cleaner" daemon [_thread_blocked, id=16224, stack(0x000000a269200000,0x000000a269300000)]
  0x000002055d1be770 JavaThread "JDWP Transport Listener: dt_socket" daemon [_thread_blocked, id=15824, stack(0x000000a269300000,0x000000a269400000)]
  0x000002055d1bfe30 JavaThread "JDWP Event Helper Thread" daemon [_thread_blocked, id=12300, stack(0x000000a269400000,0x000000a269500000)]
  0x000002055d1c06c0 JavaThread "JDWP Command Reader" daemon [_thread_in_native, id=15164, stack(0x000000a269500000,0x000000a269600000)]
  0x000002055d2bc460 JavaThread "Notification Thread" daemon [_thread_blocked, id=7444, stack(0x000000a269600000,0x000000a269700000)]
  0x000002055f5d48f0 JavaThread "HttpClient-1-SelectorManager" daemon [_thread_in_native, id=14500, stack(0x000000a26a200000,0x000000a26a300000)]
  0x000002055f5d39c0 JavaThread "HttpClient-1-Worker-0" daemon [_thread_blocked, id=16444, stack(0x000000a26a400000,0x000000a26a500000)]
  0x000002055f5d4e00 JavaThread "HttpClient-1-Worker-1" daemon [_thread_blocked, id=16448, stack(0x000000a26a500000,0x000000a26a600000)]
  0x000002055f5d5310 JavaThread "HttpClient-1-Worker-2" daemon [_thread_blocked, id=16452, stack(0x000000a26a600000,0x000000a26a700000)]
  0x000002055e7a9150 JavaThread "C2 CompilerThread1" daemon [_thread_in_vm, id=16484, stack(0x000000a26a100000,0x000000a26a200000)]
  0x000002055e7aabe0 JavaThread "C2 CompilerThread2" daemon [_thread_in_native, id=16492, stack(0x000000a26a700000,0x000000a26a800000)]
  0x000002055f5d2a90 JavaThread "ForkJoinPool.commonPool-worker-1" daemon [_thread_blocked, id=16576, stack(0x000000a26a800000,0x000000a26a900000)]
  0x000002055fe5f7d0 JavaThread "HttpClient-2-SelectorManager" daemon [_thread_in_native, id=16580, stack(0x000000a26a900000,0x000000a26aa00000)]

Other Threads:
  0x000002057e954c60 VMThread "VM Thread" [stack: 0x000000a268800000,0x000000a268900000] [id=5960]
  0x000002055d29e400 WatcherThread [stack: 0x000000a269700000,0x000000a269800000] [id=15936]
  0x0000020572b4e600 GCTaskThread "GC Thread#0" [stack: 0x000000a268300000,0x000000a268400000] [id=15868]
  0x000002055df54bc0 GCTaskThread "GC Thread#1" [stack: 0x000000a269800000,0x000000a269900000] [id=14808]
  0x000002055d7b2b80 GCTaskThread "GC Thread#2" [stack: 0x000000a269900000,0x000000a269a00000] [id=1616]
  0x000002055e0add80 GCTaskThread "GC Thread#3" [stack: 0x000000a269a00000,0x000000a269b00000] [id=4980]
  0x000002055e176c00 GCTaskThread "GC Thread#4" [stack: 0x000000a269b00000,0x000000a269c00000] [id=15920]
  0x000002055e1761b0 GCTaskThread "GC Thread#5" [stack: 0x000000a269c00000,0x000000a269d00000] [id=11200]
  0x000002055e2e6950 GCTaskThread "GC Thread#6" [stack: 0x000000a269d00000,0x000000a269e00000] [id=15632]
  0x000002055e23c170 GCTaskThread "GC Thread#7" [stack: 0x000000a269e00000,0x000000a269f00000] [id=14688]
  0x000002055e23b930 GCTaskThread "GC Thread#8" [stack: 0x000000a269f00000,0x000000a26a000000] [id=12160]
  0x000002055e23c430 GCTaskThread "GC Thread#9" [stack: 0x000000a26a000000,0x000000a26a100000] [id=16328]
  0x0000020574e56470 ConcurrentGCThread "G1 Main Marker" [stack: 0x000000a268400000,0x000000a268500000] [id=16136]
  0x0000020574e59b60 ConcurrentGCThread "G1 Conc#0" [stack: 0x000000a268500000,0x000000a268600000] [id=15816]
  0x000002057e80c0b0 ConcurrentGCThread "G1 Refine#0" [stack: 0x000000a268600000,0x000000a268700000] [id=15292]
  0x000002057e80c890 ConcurrentGCThread "G1 Service" [stack: 0x000000a268700000,0x000000a268800000] [id=10292]

Threads with active compile tasks:
C2 CompilerThread0     3265 2221       4       java.time.zone.Ser::readOffset (34 bytes)
C2 CompilerThread1     3265 2245       4       java.time.LocalDate::plusDays (170 bytes)
C2 CompilerThread2     3265 2225       4       java.time.ZoneOffset::ofTotalSeconds (110 bytes)

VM state: not at safepoint (normal execution)

VM Mutex/Monitor currently owned by a thread: None

Heap address: 0x0000000722400000, size: 3548 MB, Compressed Oops mode: Zero based, Oop shift amount: 3

CDS archive(s) mapped at: [0x0000020518000000-0x0000020518bb0000-0x0000020518bb0000), size 12255232, SharedBaseAddress: 0x0000020518000000, ArchiveRelocationMode: 1.
Compressed class space mapped at: 0x0000020519000000-0x0000020559000000, reserved size: 1073741824
Narrow klass base: 0x0000020518000000, Narrow klass shift: 0, Narrow klass range: 0x100000000

GC Precious Log:
 CPUs: 12 total, 12 available
 Memory: 14188M
 Large Page Support: Disabled
 NUMA Support: Disabled
 Compressed Oops: Enabled (Zero based)
 Heap Region Size: 2M
 Heap Min Capacity: 8M
 Heap Initial Capacity: 222M
 Heap Max Capacity: 3548M
 Pre-touch: Disabled
 Parallel Workers: 10
 Concurrent Workers: 3
 Concurrent Refinement Workers: 10
 Periodic GC: Disabled

Heap:
 garbage-first heap   total 227328K, used 33605K [0x0000000722400000, 0x0000000800000000)
  region size 2048K, 15 young (30720K), 2 survivors (4096K)
 Metaspace       used 21082K, committed 21440K, reserved 1114112K
  class space    used 2303K, committed 2496K, reserved 1048576K

Heap Regions: E=young(eden), S=young(survivor), O=old, HS=humongous(starts), HC=humongous(continues), CS=collection set, F=free, OA=open archive, CA=closed archive, TAMS=top-at-mark-start (previous, next)
|   0|0x0000000722400000, 0x0000000722600000, 0x0000000722600000|100%| O|  |TAMS 0x0000000722400000, 0x0000000722400000| Untracked 
|   1|0x0000000722600000, 0x0000000722800000, 0x0000000722800000|100%| O|  |TAMS 0x0000000722600000, 0x0000000722600000| Untracked 
|   2|0x0000000722800000, 0x000000072290f000, 0x0000000722a00000| 52%| O|  |TAMS 0x0000000722800000, 0x0000000722800000| Untracked 
|   3|0x0000000722a00000, 0x0000000722a00000, 0x0000000722c00000|  0%| F|  |TAMS 0x0000000722a00000, 0x0000000722a00000| Untracked 
|   4|0x0000000722c00000, 0x0000000722c00000, 0x0000000722e00000|  0%| F|  |TAMS 0x0000000722c00000, 0x0000000722c00000| Untracked 
|   5|0x0000000722e00000, 0x0000000722e00000, 0x0000000723000000|  0%| F|  |TAMS 0x0000000722e00000, 0x0000000722e00000| Untracked 
|   6|0x0000000723000000, 0x0000000723000000, 0x0000000723200000|  0%| F|  |TAMS 0x0000000723000000, 0x0000000723000000| Untracked 
|   7|0x0000000723200000, 0x0000000723200000, 0x0000000723400000|  0%| F|  |TAMS 0x0000000723200000, 0x0000000723200000| Untracked 
|   8|0x0000000723400000, 0x0000000723400000, 0x0000000723600000|  0%| F|  |TAMS 0x0000000723400000, 0x0000000723400000| Untracked 
|   9|0x0000000723600000, 0x0000000723600000, 0x0000000723800000|  0%| F|  |TAMS 0x0000000723600000, 0x0000000723600000| Untracked 
|  10|0x0000000723800000, 0x0000000723800000, 0x0000000723a00000|  0%| F|  |TAMS 0x0000000723800000, 0x0000000723800000| Untracked 
|  11|0x0000000723a00000, 0x0000000723a00000, 0x0000000723c00000|  0%| F|  |TAMS 0x0000000723a00000, 0x0000000723a00000| Untracked 
|  12|0x0000000723c00000, 0x0000000723c00000, 0x0000000723e00000|  0%| F|  |TAMS 0x0000000723c00000, 0x0000000723c00000| Untracked 
|  13|0x0000000723e00000, 0x0000000723e00000, 0x0000000724000000|  0%| F|  |TAMS 0x0000000723e00000, 0x0000000723e00000| Untracked 
|  14|0x0000000724000000, 0x0000000724000000, 0x0000000724200000|  0%| F|  |TAMS 0x0000000724000000, 0x0000000724000000| Untracked 
|  15|0x0000000724200000, 0x0000000724200000, 0x0000000724400000|  0%| F|  |TAMS 0x0000000724200000, 0x0000000724200000| Untracked 
|  16|0x0000000724400000, 0x0000000724400000, 0x0000000724600000|  0%| F|  |TAMS 0x0000000724400000, 0x0000000724400000| Untracked 
|  17|0x0000000724600000, 0x0000000724600000, 0x0000000724800000|  0%| F|  |TAMS 0x0000000724600000, 0x0000000724600000| Untracked 
|  18|0x0000000724800000, 0x0000000724800000, 0x0000000724a00000|  0%| F|  |TAMS 0x0000000724800000, 0x0000000724800000| Untracked 
|  19|0x0000000724a00000, 0x0000000724a00000, 0x0000000724c00000|  0%| F|  |TAMS 0x0000000724a00000, 0x0000000724a00000| Untracked 
|  20|0x0000000724c00000, 0x0000000724c00000, 0x0000000724e00000|  0%| F|  |TAMS 0x0000000724c00000, 0x0000000724c00000| Untracked 
|  21|0x0000000724e00000, 0x0000000724e00000, 0x0000000725000000|  0%| F|  |TAMS 0x0000000724e00000, 0x0000000724e00000| Untracked 
|  22|0x0000000725000000, 0x0000000725000000, 0x0000000725200000|  0%| F|  |TAMS 0x0000000725000000, 0x0000000725000000| Untracked 
|  23|0x0000000725200000, 0x0000000725200000, 0x0000000725400000|  0%| F|  |TAMS 0x0000000725200000, 0x0000000725200000| Untracked 
|  24|0x0000000725400000, 0x0000000725400000, 0x0000000725600000|  0%| F|  |TAMS 0x0000000725400000, 0x0000000725400000| Untracked 
|  25|0x0000000725600000, 0x0000000725600000, 0x0000000725800000|  0%| F|  |TAMS 0x0000000725600000, 0x0000000725600000| Untracked 
|  26|0x0000000725800000, 0x0000000725800000, 0x0000000725a00000|  0%| F|  |TAMS 0x0000000725800000, 0x0000000725800000| Untracked 
|  27|0x0000000725a00000, 0x0000000725a00000, 0x0000000725c00000|  0%| F|  |TAMS 0x0000000725a00000, 0x0000000725a00000| Untracked 
|  28|0x0000000725c00000, 0x0000000725c00000, 0x0000000725e00000|  0%| F|  |TAMS 0x0000000725c00000, 0x0000000725c00000| Untracked 
|  29|0x0000000725e00000, 0x0000000725e00000, 0x0000000726000000|  0%| F|  |TAMS 0x0000000725e00000, 0x0000000725e00000| Untracked 
|  30|0x0000000726000000, 0x0000000726000000, 0x0000000726200000|  0%| F|  |TAMS 0x0000000726000000, 0x0000000726000000| Untracked 
|  31|0x0000000726200000, 0x0000000726200000, 0x0000000726400000|  0%| F|  |TAMS 0x0000000726200000, 0x0000000726200000| Untracked 
|  32|0x0000000726400000, 0x0000000726400000, 0x0000000726600000|  0%| F|  |TAMS 0x0000000726400000, 0x0000000726400000| Untracked 
|  33|0x0000000726600000, 0x0000000726600000, 0x0000000726800000|  0%| F|  |TAMS 0x0000000726600000, 0x0000000726600000| Untracked 
|  34|0x0000000726800000, 0x0000000726800000, 0x0000000726a00000|  0%| F|  |TAMS 0x0000000726800000, 0x0000000726800000| Untracked 
|  35|0x0000000726a00000, 0x0000000726a00000, 0x0000000726c00000|  0%| F|  |TAMS 0x0000000726a00000, 0x0000000726a00000| Untracked 
|  36|0x0000000726c00000, 0x0000000726c00000, 0x0000000726e00000|  0%| F|  |TAMS 0x0000000726c00000, 0x0000000726c00000| Untracked 
|  37|0x0000000726e00000, 0x0000000726e00000, 0x0000000727000000|  0%| F|  |TAMS 0x0000000726e00000, 0x0000000726e00000| Untracked 
|  38|0x0000000727000000, 0x0000000727000000, 0x0000000727200000|  0%| F|  |TAMS 0x0000000727000000, 0x0000000727000000| Untracked 
|  39|0x0000000727200000, 0x0000000727200000, 0x0000000727400000|  0%| F|  |TAMS 0x0000000727200000, 0x0000000727200000| Untracked 
|  40|0x0000000727400000, 0x0000000727400000, 0x0000000727600000|  0%| F|  |TAMS 0x0000000727400000, 0x0000000727400000| Untracked 
|  41|0x0000000727600000, 0x0000000727600000, 0x0000000727800000|  0%| F|  |TAMS 0x0000000727600000, 0x0000000727600000| Untracked 
|  42|0x0000000727800000, 0x0000000727800000, 0x0000000727a00000|  0%| F|  |TAMS 0x0000000727800000, 0x0000000727800000| Untracked 
|  43|0x0000000727a00000, 0x0000000727a00000, 0x0000000727c00000|  0%| F|  |TAMS 0x0000000727a00000, 0x0000000727a00000| Untracked 
|  44|0x0000000727c00000, 0x0000000727c00000, 0x0000000727e00000|  0%| F|  |TAMS 0x0000000727c00000, 0x0000000727c00000| Untracked 
|  45|0x0000000727e00000, 0x0000000727e00000, 0x0000000728000000|  0%| F|  |TAMS 0x0000000727e00000, 0x0000000727e00000| Untracked 
|  46|0x0000000728000000, 0x0000000728000000, 0x0000000728200000|  0%| F|  |TAMS 0x0000000728000000, 0x0000000728000000| Untracked 
|  47|0x0000000728200000, 0x0000000728200000, 0x0000000728400000|  0%| F|  |TAMS 0x0000000728200000, 0x0000000728200000| Untracked 
|  48|0x0000000728400000, 0x0000000728400000, 0x0000000728600000|  0%| F|  |TAMS 0x0000000728400000, 0x0000000728400000| Untracked 
|  49|0x0000000728600000, 0x0000000728600000, 0x0000000728800000|  0%| F|  |TAMS 0x0000000728600000, 0x0000000728600000| Untracked 
|  50|0x0000000728800000, 0x0000000728800000, 0x0000000728a00000|  0%| F|  |TAMS 0x0000000728800000, 0x0000000728800000| Untracked 
|  51|0x0000000728a00000, 0x0000000728a00000, 0x0000000728c00000|  0%| F|  |TAMS 0x0000000728a00000, 0x0000000728a00000| Untracked 
|  52|0x0000000728c00000, 0x0000000728c00000, 0x0000000728e00000|  0%| F|  |TAMS 0x0000000728c00000, 0x0000000728c00000| Untracked 
|  53|0x0000000728e00000, 0x0000000728e00000, 0x0000000729000000|  0%| F|  |TAMS 0x0000000728e00000, 0x0000000728e00000| Untracked 
|  54|0x0000000729000000, 0x0000000729000000, 0x0000000729200000|  0%| F|  |TAMS 0x0000000729000000, 0x0000000729000000| Untracked 
|  55|0x0000000729200000, 0x0000000729200000, 0x0000000729400000|  0%| F|  |TAMS 0x0000000729200000, 0x0000000729200000| Untracked 
|  56|0x0000000729400000, 0x0000000729400000, 0x0000000729600000|  0%| F|  |TAMS 0x0000000729400000, 0x0000000729400000| Untracked 
|  57|0x0000000729600000, 0x0000000729600000, 0x0000000729800000|  0%| F|  |TAMS 0x0000000729600000, 0x0000000729600000| Untracked 
|  58|0x0000000729800000, 0x0000000729800000, 0x0000000729a00000|  0%| F|  |TAMS 0x0000000729800000, 0x0000000729800000| Untracked 
|  59|0x0000000729a00000, 0x0000000729a00000, 0x0000000729c00000|  0%| F|  |TAMS 0x0000000729a00000, 0x0000000729a00000| Untracked 
|  60|0x0000000729c00000, 0x0000000729c00000, 0x0000000729e00000|  0%| F|  |TAMS 0x0000000729c00000, 0x0000000729c00000| Untracked 
|  61|0x0000000729e00000, 0x0000000729e00000, 0x000000072a000000|  0%| F|  |TAMS 0x0000000729e00000, 0x0000000729e00000| Untracked 
|  62|0x000000072a000000, 0x000000072a000000, 0x000000072a200000|  0%| F|  |TAMS 0x000000072a000000, 0x000000072a000000| Untracked 
|  63|0x000000072a200000, 0x000000072a200000, 0x000000072a400000|  0%| F|  |TAMS 0x000000072a200000, 0x000000072a200000| Untracked 
|  64|0x000000072a400000, 0x000000072a400000, 0x000000072a600000|  0%| F|  |TAMS 0x000000072a400000, 0x000000072a400000| Untracked 
|  65|0x000000072a600000, 0x000000072a600000, 0x000000072a800000|  0%| F|  |TAMS 0x000000072a600000, 0x000000072a600000| Untracked 
|  66|0x000000072a800000, 0x000000072a800000, 0x000000072aa00000|  0%| F|  |TAMS 0x000000072a800000, 0x000000072a800000| Untracked 
|  67|0x000000072aa00000, 0x000000072aa00000, 0x000000072ac00000|  0%| F|  |TAMS 0x000000072aa00000, 0x000000072aa00000| Untracked 
|  68|0x000000072ac00000, 0x000000072ac00000, 0x000000072ae00000|  0%| F|  |TAMS 0x000000072ac00000, 0x000000072ac00000| Untracked 
|  69|0x000000072ae00000, 0x000000072ae00000, 0x000000072b000000|  0%| F|  |TAMS 0x000000072ae00000, 0x000000072ae00000| Untracked 
|  70|0x000000072b000000, 0x000000072b000000, 0x000000072b200000|  0%| F|  |TAMS 0x000000072b000000, 0x000000072b000000| Untracked 
|  71|0x000000072b200000, 0x000000072b200000, 0x000000072b400000|  0%| F|  |TAMS 0x000000072b200000, 0x000000072b200000| Untracked 
|  72|0x000000072b400000, 0x000000072b400000, 0x000000072b600000|  0%| F|  |TAMS 0x000000072b400000, 0x000000072b400000| Untracked 
|  73|0x000000072b600000, 0x000000072b600000, 0x000000072b800000|  0%| F|  |TAMS 0x000000072b600000, 0x000000072b600000| Untracked 
|  74|0x000000072b800000, 0x000000072b800000, 0x000000072ba00000|  0%| F|  |TAMS 0x000000072b800000, 0x000000072b800000| Untracked 
|  75|0x000000072ba00000, 0x000000072ba00000, 0x000000072bc00000|  0%| F|  |TAMS 0x000000072ba00000, 0x000000072ba00000| Untracked 
|  76|0x000000072bc00000, 0x000000072bc00000, 0x000000072be00000|  0%| F|  |TAMS 0x000000072bc00000, 0x000000072bc00000| Untracked 
|  77|0x000000072be00000, 0x000000072be00000, 0x000000072c000000|  0%| F|  |TAMS 0x000000072be00000, 0x000000072be00000| Untracked 
|  78|0x000000072c000000, 0x000000072c000000, 0x000000072c200000|  0%| F|  |TAMS 0x000000072c000000, 0x000000072c000000| Untracked 
|  79|0x000000072c200000, 0x000000072c200000, 0x000000072c400000|  0%| F|  |TAMS 0x000000072c200000, 0x000000072c200000| Untracked 
|  80|0x000000072c400000, 0x000000072c400000, 0x000000072c600000|  0%| F|  |TAMS 0x000000072c400000, 0x000000072c400000| Untracked 
|  81|0x000000072c600000, 0x000000072c600000, 0x000000072c800000|  0%| F|  |TAMS 0x000000072c600000, 0x000000072c600000| Untracked 
|  82|0x000000072c800000, 0x000000072c800000, 0x000000072ca00000|  0%| F|  |TAMS 0x000000072c800000, 0x000000072c800000| Untracked 
|  83|0x000000072ca00000, 0x000000072ca00000, 0x000000072cc00000|  0%| F|  |TAMS 0x000000072ca00000, 0x000000072ca00000| Untracked 
|  84|0x000000072cc00000, 0x000000072cc00000, 0x000000072ce00000|  0%| F|  |TAMS 0x000000072cc00000, 0x000000072cc00000| Untracked 
|  85|0x000000072ce00000, 0x000000072ce00000, 0x000000072d000000|  0%| F|  |TAMS 0x000000072ce00000, 0x000000072ce00000| Untracked 
|  86|0x000000072d000000, 0x000000072d000000, 0x000000072d200000|  0%| F|  |TAMS 0x000000072d000000, 0x000000072d000000| Untracked 
|  87|0x000000072d200000, 0x000000072d200000, 0x000000072d400000|  0%| F|  |TAMS 0x000000072d200000, 0x000000072d200000| Untracked 
|  88|0x000000072d400000, 0x000000072d400000, 0x000000072d600000|  0%| F|  |TAMS 0x000000072d400000, 0x000000072d400000| Untracked 
|  89|0x000000072d600000, 0x000000072d600000, 0x000000072d800000|  0%| F|  |TAMS 0x000000072d600000, 0x000000072d600000| Untracked 
|  90|0x000000072d800000, 0x000000072d800000, 0x000000072da00000|  0%| F|  |TAMS 0x000000072d800000, 0x000000072d800000| Untracked 
|  91|0x000000072da00000, 0x000000072da00000, 0x000000072dc00000|  0%| F|  |TAMS 0x000000072da00000, 0x000000072da00000| Untracked 
|  92|0x000000072dc00000, 0x000000072ddc24c0, 0x000000072de00000| 87%| S|CS|TAMS 0x000000072dc00000, 0x000000072dc00000| Complete 
|  93|0x000000072de00000, 0x000000072e000000, 0x000000072e000000|100%| E|CS|TAMS 0x000000072de00000, 0x000000072de00000| Complete 
|  94|0x000000072e000000, 0x000000072e000000, 0x000000072e200000|  0%| F|  |TAMS 0x000000072e000000, 0x000000072e000000| Untracked 
|  95|0x000000072e200000, 0x000000072e200000, 0x000000072e400000|  0%| F|  |TAMS 0x000000072e200000, 0x000000072e200000| Untracked 
|  96|0x000000072e400000, 0x000000072e400000, 0x000000072e600000|  0%| F|  |TAMS 0x000000072e400000, 0x000000072e400000| Untracked 
|  97|0x000000072e600000, 0x000000072e700000, 0x000000072e800000| 50%| E|CS|TAMS 0x000000072e600000, 0x000000072e700000| Complete 
|  98|0x000000072e800000, 0x000000072ea00000, 0x000000072ea00000|100%| E|CS|TAMS 0x000000072e800000, 0x000000072ea00000| Complete 
|  99|0x000000072ea00000, 0x000000072ec00000, 0x000000072ec00000|100%| E|CS|TAMS 0x000000072ea00000, 0x000000072ec00000| Complete 
| 100|0x000000072ec00000, 0x000000072ee00000, 0x000000072ee00000|100%| E|CS|TAMS 0x000000072ec00000, 0x000000072ee00000| Complete 
| 101|0x000000072ee00000, 0x000000072f000000, 0x000000072f000000|100%| E|CS|TAMS 0x000000072ee00000, 0x000000072f000000| Complete 
| 102|0x000000072f000000, 0x000000072f200000, 0x000000072f200000|100%| E|CS|TAMS 0x000000072f000000, 0x000000072f200000| Complete 
| 103|0x000000072f200000, 0x000000072f400000, 0x000000072f400000|100%| E|CS|TAMS 0x000000072f200000, 0x000000072f400000| Complete 
| 104|0x000000072f400000, 0x000000072f600000, 0x000000072f600000|100%| E|CS|TAMS 0x000000072f400000, 0x000000072f600000| Complete 
| 105|0x000000072f600000, 0x000000072f800000, 0x000000072f800000|100%| E|CS|TAMS 0x000000072f600000, 0x000000072f800000| Complete 
| 106|0x000000072f800000, 0x000000072fa00000, 0x000000072fa00000|100%| E|CS|TAMS 0x000000072f800000, 0x000000072fa00000| Complete 
| 107|0x000000072fa00000, 0x000000072fc00000, 0x000000072fc00000|100%| E|CS|TAMS 0x000000072fa00000, 0x000000072fc00000| Complete 
| 108|0x000000072fc00000, 0x000000072fe00000, 0x000000072fe00000|100%| E|CS|TAMS 0x000000072fc00000, 0x000000072fe00000| Complete 
| 109|0x000000072fe00000, 0x0000000730000000, 0x0000000730000000|100%| E|CS|TAMS 0x000000072fe00000, 0x0000000730000000| Complete 
| 110|0x0000000730000000, 0x0000000730200000, 0x0000000730200000|100%| E|CS|TAMS 0x0000000730000000, 0x0000000730200000| Complete 

Card table byte_map: [0x000002057d530000,0x000002057dc20000] _byte_map_base: 0x0000020579c1e000

Marking Bits (Prev, Next): (CMBitMap*) 0x0000020574e47fc0, (CMBitMap*) 0x0000020574e48000
 Prev Bits: [0x000002050f000000, 0x0000020512770000)
 Next Bits: [0x0000020512770000, 0x0000020515ee0000)

Polling page: 0x0000020572d60000

Metaspace:

Usage:
  Non-class:     18.39 MB used.
      Class:      2.25 MB used.
       Both:     20.64 MB used.

Virtual space:
  Non-class space:       64.00 MB reserved,      18.56 MB ( 29%) committed,  1 nodes.
      Class space:        1.00 GB reserved,       2.44 MB ( <1%) committed,  1 nodes.
             Both:        1.06 GB reserved,      21.00 MB (  2%) committed. 

Chunk freelists:
   Non-Class:  12.56 MB
       Class:  13.48 MB
        Both:  26.04 MB

MaxMetaspaceSize: unlimited
CompressedClassSpaceSize: 1.00 GB
Initial GC threshold: 21.00 MB
Current GC threshold: 21.00 MB
CDS: on
MetaspaceReclaimPolicy: balanced
 - commit_granule_bytes: 65536.
 - commit_granule_words: 8192.
 - virtual_space_node_default_size: 8388608.
 - enlarge_chunks_in_place: 1.
 - new_chunks_are_fully_committed: 0.
 - uncommit_free_chunks: 1.
 - use_allocation_guard: 0.
 - handle_deallocations: 1.


Internal statistics:

num_allocs_failed_limit: 3.
num_arena_births: 332.
num_arena_deaths: 0.
num_vsnodes_births: 2.
num_vsnodes_deaths: 0.
num_space_committed: 336.
num_space_uncommitted: 0.
num_chunks_returned_to_freelist: 3.
num_chunks_taken_from_freelist: 741.
num_chunk_merges: 0.
num_chunk_splits: 445.
num_chunks_enlarged: 285.
num_inconsistent_stats: 0.

CodeHeap 'non-profiled nmethods': size=120000Kb used=1063Kb max_used=1063Kb free=118936Kb
 bounds [0x0000020507ad0000, 0x0000020507d40000, 0x000002050f000000]
CodeHeap 'profiled nmethods': size=120000Kb used=4657Kb max_used=4657Kb free=115342Kb
 bounds [0x0000020500000000, 0x0000020500490000, 0x0000020507530000]
CodeHeap 'non-nmethods': size=5760Kb used=1293Kb max_used=1335Kb free=4466Kb
 bounds [0x0000020507530000, 0x00000205077a0000, 0x0000020507ad0000]
 total_blobs=2855 nmethods=2326 adapters=441
 compilation: enabled
              stopped_count=0, restarted_count=0
 full_count=0

Compilation events (20 events):
Event: 3.183 Thread 0x000002055d027180 2317       3       jdk.internal.misc.Unsafe::checkPrimitivePointer (19 bytes)
Event: 3.184 Thread 0x000002055d027180 nmethod 2317 0x0000020500480690 code [0x00000205004808a0, 0x0000020500480ec8]
Event: 3.194 Thread 0x000002055d027180 2318       3       java.lang.invoke.MemberName::equals (69 bytes)
Event: 3.195 Thread 0x000002055d027180 nmethod 2318 0x0000020500481190 code [0x0000020500481420, 0x0000020500482138]
Event: 3.198 Thread 0x000002055d027180 2319       3       java.lang.invoke.Invokers::callSiteForm (308 bytes)
Event: 3.201 Thread 0x000002055d027180 nmethod 2319 0x0000020500482510 code [0x0000020500482840, 0x0000020500483f48]
Event: 3.201 Thread 0x000002055d027180 2320   !   3       java.lang.invoke.CallSite::makeSite (91 bytes)
Event: 3.203 Thread 0x000002055d027180 nmethod 2320 0x0000020500484990 code [0x0000020500484ce0, 0x00000205004862f8]
Event: 3.203 Thread 0x000002055d027180 2322       3       java.lang.invoke.Invokers$Holder::linkToTargetMethod (10 bytes)
Event: 3.203 Thread 0x000002055d027180 nmethod 2322 0x0000020500486f90 code [0x0000020500487140, 0x00000205004875b8]
Event: 3.203 Thread 0x000002055d027180 2321       3       java.lang.Class::newReflectionData (66 bytes)
Event: 3.204 Thread 0x000002055d027180 nmethod 2321 0x0000020500487690 code [0x00000205004878a0, 0x00000205004881b8]
Event: 3.204 Thread 0x000002055d027180 2323       3       java.lang.Character::isJavaIdentifierPart (9 bytes)
Event: 3.205 Thread 0x000002055d027180 nmethod 2323 0x0000020500488490 code [0x0000020500488640, 0x0000020500488838]
Event: 3.207 Thread 0x000002055d027180 2326       3       java.util.Spliterators$ArraySpliterator::forEachRemaining (68 bytes)
Event: 3.207 Thread 0x000002055d027180 nmethod 2326 0x0000020500488910 code [0x0000020500488ae0, 0x0000020500488f78]
Event: 3.207 Thread 0x000002055d027180 2328       3       jdk.internal.reflect.ConstantPool::getUTF8At (10 bytes)
Event: 3.208 Thread 0x000002055d027180 nmethod 2328 0x0000020500489190 code [0x0000020500489320, 0x0000020500489488]
Event: 3.208 Thread 0x000002055d027180 2329       3       java.util.HashMap::tableSizeFor (32 bytes)
Event: 3.208 Thread 0x000002055d027180 nmethod 2329 0x0000020500489510 code [0x00000205004896c0, 0x00000205004898c8]

GC Heap History (4 events):
Event: 1.524 GC heap before
{Heap before GC invocations=0 (full 0):
 garbage-first heap   total 227328K, used 20480K [0x0000000722400000, 0x0000000800000000)
  region size 2048K, 11 young (22528K), 0 survivors (0K)
 Metaspace       used 9528K, committed 9728K, reserved 1114112K
  class space    used 978K, committed 1088K, reserved 1048576K
}
Event: 1.530 GC heap after
{Heap after GC invocations=1 (full 0):
 garbage-first heap   total 227328K, used 4934K [0x0000000722400000, 0x0000000800000000)
  region size 2048K, 2 young (4096K), 2 survivors (4096K)
 Metaspace       used 9528K, committed 9728K, reserved 1114112K
  class space    used 978K, committed 1088K, reserved 1048576K
}
Event: 2.774 GC heap before
{Heap before GC invocations=1 (full 0):
 garbage-first heap   total 227328K, used 33606K [0x0000000722400000, 0x0000000800000000)
  region size 2048K, 17 young (34816K), 2 survivors (4096K)
 Metaspace       used 18043K, committed 18368K, reserved 1114112K
  class space    used 1959K, committed 2112K, reserved 1048576K
}
Event: 2.782 GC heap after
{Heap after GC invocations=2 (full 0):
 garbage-first heap   total 227328K, used 9029K [0x0000000722400000, 0x0000000800000000)
  region size 2048K, 2 young (4096K), 2 survivors (4096K)
 Metaspace       used 18043K, committed 18368K, reserved 1114112K
  class space    used 1959K, committed 2112K, reserved 1048576K
}

Dll operation events (13 events):
Event: 0.021 Loaded shared library C:\Users\Admin\.jdks\corretto-17.0.14\bin\java.dll
Event: 0.023 Loaded shared library C:\Users\Admin\.jdks\corretto-17.0.14\bin\zip.dll
Event: 0.053 Loaded shared library C:\Users\Admin\.jdks\corretto-17.0.14\bin\jsvml.dll
Event: 0.230 Loaded shared library C:\Users\Admin\.jdks\corretto-17.0.14\bin\instrument.dll
Event: 0.303 Loaded shared library C:\Users\Admin\.jdks\corretto-17.0.14\bin\net.dll
Event: 0.306 Loaded shared library C:\Users\Admin\.jdks\corretto-17.0.14\bin\nio.dll
Event: 0.323 Loaded shared library C:\Users\Admin\.jdks\corretto-17.0.14\bin\zip.dll
Event: 0.365 Loaded shared library C:\Users\Admin\.jdks\corretto-17.0.14\bin\extnet.dll
Event: 0.653 Loaded shared library C:\Users\Admin\.jdks\corretto-17.0.14\bin\verify.dll
Event: 0.665 Loaded shared library C:\Users\Admin\.jdks\corretto-17.0.14\bin\jimage.dll
Event: 1.976 Loaded shared library C:\Users\Admin\.jdks\corretto-17.0.14\bin\sunmscapi.dll
Event: 3.156 Loaded shared library C:\Users\Admin\.jdks\corretto-17.0.14\bin\management.dll
Event: 3.161 Loaded shared library C:\Users\Admin\.jdks\corretto-17.0.14\bin\management_ext.dll

Deoptimization events (20 events):
Event: 2.971 Thread 0x0000020574dee0c0 Uncommon trap: trap_request=0xffffff45 fr.pc=0x0000020507b3c420 relative=0x0000000000000380
Event: 2.971 Thread 0x0000020574dee0c0 Uncommon trap: reason=unstable_if action=reinterpret pc=0x0000020507b3c420 method=java.lang.AbstractStringBuilder.isLatin1()Z @ 10 c2
Event: 2.971 Thread 0x0000020574dee0c0 DEOPT PACKING pc=0x0000020507b3c420 sp=0x000000a2682fcd80
Event: 2.971 Thread 0x0000020574dee0c0 DEOPT UNPACKING pc=0x00000205075869a3 sp=0x000000a2682fcd10 mode 2
Event: 2.971 Thread 0x0000020574dee0c0 Uncommon trap: trap_request=0xffffff45 fr.pc=0x0000020507b154c0 relative=0x0000000000000500
Event: 2.971 Thread 0x0000020574dee0c0 Uncommon trap: reason=unstable_if action=reinterpret pc=0x0000020507b154c0 method=java.lang.AbstractStringBuilder.putStringAt(ILjava/lang/String;II)V @ 8 c2
Event: 2.971 Thread 0x0000020574dee0c0 DEOPT PACKING pc=0x0000020507b154c0 sp=0x000000a2682fcc50
Event: 2.971 Thread 0x0000020574dee0c0 DEOPT UNPACKING pc=0x00000205075869a3 sp=0x000000a2682fcb70 mode 2
Event: 3.055 Thread 0x0000020574dee0c0 DEOPT PACKING pc=0x00000205003b3455 sp=0x000000a2682fd4d0
Event: 3.055 Thread 0x0000020574dee0c0 DEOPT UNPACKING pc=0x0000020507587143 sp=0x000000a2682fca08 mode 0
Event: 3.058 Thread 0x0000020574dee0c0 DEOPT PACKING pc=0x00000205003b3455 sp=0x000000a2682fd130
Event: 3.058 Thread 0x0000020574dee0c0 DEOPT UNPACKING pc=0x0000020507587143 sp=0x000000a2682fc668 mode 0
Event: 3.060 Thread 0x0000020574dee0c0 DEOPT PACKING pc=0x00000205003b3455 sp=0x000000a2682fd1a0
Event: 3.060 Thread 0x0000020574dee0c0 DEOPT UNPACKING pc=0x0000020507587143 sp=0x000000a2682fc6d8 mode 0
Event: 3.062 Thread 0x0000020574dee0c0 DEOPT PACKING pc=0x00000205003b3455 sp=0x000000a2682fd450
Event: 3.062 Thread 0x0000020574dee0c0 DEOPT UNPACKING pc=0x0000020507587143 sp=0x000000a2682fc988 mode 0
Event: 3.089 Thread 0x0000020574dee0c0 DEOPT PACKING pc=0x00000205003b3455 sp=0x000000a2682fd560
Event: 3.089 Thread 0x0000020574dee0c0 DEOPT UNPACKING pc=0x0000020507587143 sp=0x000000a2682fca98 mode 0
Event: 3.091 Thread 0x0000020574dee0c0 DEOPT PACKING pc=0x00000205003b3455 sp=0x000000a2682fd4b0
Event: 3.091 Thread 0x0000020574dee0c0 DEOPT UNPACKING pc=0x0000020507587143 sp=0x000000a2682fc9e0 mode 0

Classes loaded (20 events):
Event: 3.200 Loading class org/openqa/selenium/remote/http/HttpClient
Event: 3.200 Loading class org/openqa/selenium/remote/http/HttpClient done
Event: 3.201 Loading class org/openqa/selenium/remote/http/HttpClient$Factory
Event: 3.201 Loading class org/openqa/selenium/remote/http/HttpClient$Factory done
Event: 3.203 Loading class org/openqa/selenium/remote/http/jdk/JdkHttpClient$Factory
Event: 3.203 Loading class org/openqa/selenium/remote/http/jdk/JdkHttpClient$Factory done
Event: 3.207 Loading class org/openqa/selenium/remote/http/HttpClientName
Event: 3.207 Loading class org/openqa/selenium/remote/http/HttpClientName done
Event: 3.209 Loading class org/openqa/selenium/logging/LocalLogs
Event: 3.209 Loading class org/openqa/selenium/logging/LocalLogs done
Event: 3.210 Loading class org/openqa/selenium/logging/LocalLogs$1
Event: 3.210 Loading class org/openqa/selenium/logging/LocalLogs$1 done
Event: 3.210 Loading class org/openqa/selenium/logging/StoringLocalLogs
Event: 3.210 Loading class org/openqa/selenium/logging/StoringLocalLogs done
Event: 3.211 Loading class org/openqa/selenium/logging/CompositeLocalLogs
Event: 3.211 Loading class org/openqa/selenium/logging/CompositeLocalLogs done
Event: 3.211 Loading class org/openqa/selenium/logging/HandlerBasedLocalLogs
Event: 3.211 Loading class org/openqa/selenium/logging/HandlerBasedLocalLogs done
Event: 3.211 Loading class org/openqa/selenium/remote/http/jdk/JdkHttpClient
Event: 3.211 Loading class org/openqa/selenium/remote/http/jdk/JdkHttpClient done

Classes unloaded (0 events):
No events

Classes redefined (1 events):
Event: 0.263 Thread 0x000002057e954c60 redefined class name=java.lang.Throwable, count=1

Internal exceptions (20 events):
Event: 1.681 Thread 0x0000020574dee0c0 Exception <a 'java/lang/NoSuchMethodError'{0x000000072fff65c8}: 'java.lang.Object java.lang.invoke.DirectMethodHandle$Holder.newInvokeSpecial(java.lang.Object, java.lang.Object, int)'> (0x000000072fff65c8) 
thrown [s\src\hotspot\share\interpreter\linkResolver.cpp, line 759]
Event: 1.686 Thread 0x0000020574dee0c0 Exception <a 'java/lang/NoSuchMethodError'{0x000000072fc11a48}: 'int java.lang.invoke.DirectMethodHandle$Holder.invokeSpecialIFC(java.lang.Object, java.lang.Object, java.lang.Object)'> (0x000000072fc11a48) 
thrown [s\src\hotspot\share\interpreter\linkResolver.cpp, line 759]
Event: 1.760 Thread 0x0000020574dee0c0 Exception <a 'sun/nio/fs/WindowsException'{0x000000072fdd4788}> (0x000000072fdd4788) 
thrown [s\src\hotspot\share\prims\jni.cpp, line 516]
Event: 1.777 Thread 0x0000020574dee0c0 Exception <a 'java/lang/NoSuchMethodError'{0x000000072fa2b7c0}: 'int java.lang.invoke.DirectMethodHandle$Holder.invokeStaticInit(java.lang.Object, java.lang.Object, java.lang.Object, java.lang.Object)'> (0x000000072fa2b7c0) 
thrown [s\src\hotspot\share\interpreter\linkResolver.cpp, line 759]
Event: 1.779 Thread 0x0000020574dee0c0 Exception <a 'java/lang/NoSuchMethodError'{0x000000072fa37200}: 'void java.lang.invoke.DirectMethodHandle$Holder.invokeStaticInit(java.lang.Object, java.lang.Object)'> (0x000000072fa37200) 
thrown [s\src\hotspot\share\interpreter\linkResolver.cpp, line 759]
Event: 2.084 Thread 0x0000020574dee0c0 Exception <a 'java/lang/NoSuchMethodError'{0x000000072f3e9ea0}: 'java.lang.Object java.lang.invoke.DirectMethodHandle$Holder.invokeSpecial(java.lang.Object, java.lang.Object, java.lang.Object, java.lang.Object, int)'> (0x000000072f3e9ea0) 
thrown [s\src\hotspot\share\interpreter\linkResolver.cpp, line 759]
Event: 2.084 Thread 0x0000020574dee0c0 Exception <a 'java/lang/NoSuchMethodError'{0x000000072f3eddc0}: 'java.lang.Object java.lang.invoke.Invokers$Holder.linkToTargetMethod(java.lang.Object, java.lang.Object, int, java.lang.Object)'> (0x000000072f3eddc0) 
thrown [s\src\hotspot\share\interpreter\linkResolver.cpp, line 759]
Event: 2.114 Thread 0x0000020574dee0c0 Exception <a 'java/lang/NoSuchMethodError'{0x000000072f07a5a8}: 'void java.lang.invoke.DirectMethodHandle$Holder.invokeSpecial(java.lang.Object, java.lang.Object, java.lang.Object, java.lang.Object, java.lang.Object)'> (0x000000072f07a5a8) 
thrown [s\src\hotspot\share\interpreter\linkResolver.cpp, line 759]
Event: 2.129 Thread 0x000002055f5d48f0 Exception <a 'java/lang/NoSuchMethodError'{0x000000072f344b68}: 'void java.lang.invoke.DirectMethodHandle$Holder.invokeStatic(java.lang.Object, java.lang.Object, int)'> (0x000000072f344b68) 
thrown [s\src\hotspot\share\interpreter\linkResolver.cpp, line 759]
Event: 2.135 Thread 0x000002055f5d39c0 Exception <a 'java/lang/NoSuchMethodError'{0x000000072f136518}: 'int java.lang.invoke.DirectMethodHandle$Holder.invokeSpecialIFC(java.lang.Object, java.lang.Object, java.lang.Object, java.lang.Object, java.lang.Object)'> (0x000000072f136518) 
thrown [s\src\hotspot\share\interpreter\linkResolver.cpp, line 759]
Event: 2.158 Thread 0x000002055f5d4e00 Exception <a 'java/lang/NoSuchMethodError'{0x000000072ee06d98}: 'java.lang.Object java.lang.invoke.DirectMethodHandle$Holder.newInvokeSpecial(java.lang.Object, java.lang.Object, long, java.lang.Object, java.lang.Object, java.lang.Object)'> (0x000000072ee06d98) 
thrown [s\src\hotspot\share\interpreter\linkResolver.cpp, line 759]
Event: 2.164 Thread 0x000002055f5d4e00 Exception <a 'java/lang/NoSuchMethodError'{0x000000072ee23a80}: 'void java.lang.invoke.DirectMethodHandle$Holder.invokeSpecial(java.lang.Object, java.lang.Object, java.lang.Object, java.lang.Object, java.lang.Object, java.lang.Object, java.lang.Object)'> (0x000000072ee23a80) 
thrown [s\src\hotspot\share\interpreter\linkResolver.cpp, line 759]
Event: 2.809 Thread 0x0000020574dee0c0 Exception <a 'java/lang/NoSuchMethodError'{0x00000007300e5750}: 'java.lang.Object java.lang.invoke.DirectMethodHandle$Holder.invokeVirtual(java.lang.Object, java.lang.Object, java.lang.Object)'> (0x00000007300e5750) 
thrown [s\src\hotspot\share\interpreter\linkResolver.cpp, line 759]
Event: 3.070 Thread 0x0000020574dee0c0 Exception <a 'java/lang/NoSuchMethodError'{0x000000072ec13388}: 'java.lang.Object java.lang.invoke.DirectMethodHandle$Holder.invokeStatic(java.lang.Object, java.lang.Object, int, java.lang.Object)'> (0x000000072ec13388) 
thrown [s\src\hotspot\share\interpreter\linkResolver.cpp, line 759]
Event: 3.071 Thread 0x0000020574dee0c0 Exception <a 'java/lang/NoSuchMethodError'{0x000000072ec1a158}: 'java.lang.Object java.lang.invoke.DirectMethodHandle$Holder.newInvokeSpecial(java.lang.Object, java.lang.Object, int, java.lang.Object)'> (0x000000072ec1a158) 
thrown [s\src\hotspot\share\interpreter\linkResolver.cpp, line 759]
Event: 3.081 Thread 0x0000020574dee0c0 Exception <a 'java/lang/NoSuchMethodError'{0x000000072ec6aa78}: 'void java.lang.invoke.DirectMethodHandle$Holder.invokeVirtual(java.lang.Object, java.lang.Object)'> (0x000000072ec6aa78) 
thrown [s\src\hotspot\share\interpreter\linkResolver.cpp, line 759]
Event: 3.083 Thread 0x0000020574dee0c0 Exception <a 'java/lang/IncompatibleClassChangeError'{0x000000072ec79920}: Found class java.lang.Object, but interface was expected> (0x000000072ec79920) 
thrown [s\src\hotspot\share\interpreter\linkResolver.cpp, line 826]
Event: 3.146 Thread 0x0000020574dee0c0 Exception <a 'java/net/SocketException'{0x000000072ea04300}: Socket is not connected: shutdown> (0x000000072ea04300) 
thrown [s\src\hotspot\share\prims\jni.cpp, line 535]
Event: 3.147 Thread 0x0000020574dee0c0 Exception <a 'java/net/SocketException'{0x000000072ea04bb8}: Socket is not connected: shutdown> (0x000000072ea04bb8) 
thrown [s\src\hotspot\share\prims\jni.cpp, line 535]
Event: 3.195 Thread 0x0000020574dee0c0 Exception <a 'java/lang/NoSuchMethodError'{0x000000072eaeec68}: 'java.lang.Object java.lang.invoke.DirectMethodHandle$Holder.invokeSpecialIFC(java.lang.Object, java.lang.Object, java.lang.Object, java.lang.Object)'> (0x000000072eaeec68) 
thrown [s\src\hotspot\share\interpreter\linkResolver.cpp, line 759]

VM Operations (20 events):
Event: 1.641 Executing VM operation: HandshakeAllThreads
Event: 1.641 Executing VM operation: HandshakeAllThreads done
Event: 1.651 Executing VM operation: HandshakeAllThreads
Event: 1.651 Executing VM operation: HandshakeAllThreads done
Event: 1.655 Executing VM operation: HandshakeAllThreads
Event: 1.655 Executing VM operation: HandshakeAllThreads done
Event: 1.841 Executing VM operation: HandshakeAllThreads
Event: 1.841 Executing VM operation: HandshakeAllThreads done
Event: 1.939 Executing VM operation: HandshakeAllThreads
Event: 1.939 Executing VM operation: HandshakeAllThreads done
Event: 2.145 Executing VM operation: HandshakeAllThreads
Event: 2.145 Executing VM operation: HandshakeAllThreads done
Event: 2.595 Executing VM operation: ICBufferFull
Event: 2.595 Executing VM operation: ICBufferFull done
Event: 2.774 Executing VM operation: G1CollectForAllocation
Event: 2.783 Executing VM operation: G1CollectForAllocation done
Event: 2.836 Executing VM operation: HandshakeAllThreads
Event: 2.836 Executing VM operation: HandshakeAllThreads done
Event: 2.899 Executing VM operation: HandshakeAllThreads
Event: 2.899 Executing VM operation: HandshakeAllThreads done

Memory protections (0 events):
No events

Nmethod flushes (0 events):
No events

Events (20 events):
Event: 0.075 Thread 0x0000020574dee0c0 Thread added: 0x000002055d0171d0
Event: 0.075 Thread 0x0000020574dee0c0 Thread added: 0x000002055d01aea0
Event: 0.076 Thread 0x0000020574dee0c0 Thread added: 0x000002055d027180
Event: 0.076 Thread 0x0000020574dee0c0 Thread added: 0x000002055d027a90
Event: 0.157 Thread 0x0000020574dee0c0 Thread added: 0x000002057e9437c0
Event: 0.203 Thread 0x0000020574dee0c0 Thread added: 0x000002055d1be770
Event: 0.203 Thread 0x0000020574dee0c0 Thread added: 0x000002055d1bfe30
Event: 0.204 Thread 0x000002055d1be770 Thread added: 0x000002055d1c06c0
Event: 0.274 Thread 0x0000020574dee0c0 Thread added: 0x000002055d2bc460
Event: 0.713 Thread 0x000002055d027180 Thread added: 0x000002055d63e3a0
Event: 1.238 Thread 0x000002055d63e3a0 Thread exited: 0x000002055d63e3a0
Event: 1.571 Thread 0x000002055d027180 Thread added: 0x000002055e28e490
Event: 2.036 Thread 0x0000020574dee0c0 Thread added: 0x000002055f5d48f0
Event: 2.132 Thread 0x000002055f5d48f0 Thread added: 0x000002055f5d39c0
Event: 2.134 Thread 0x000002055f5d48f0 Thread added: 0x000002055f5d4e00
Event: 2.135 Thread 0x000002055f5d48f0 Thread added: 0x000002055f5d5310
Event: 2.327 Thread 0x000002055e28e490 Thread exited: 0x000002055e28e490
Event: 2.371 Thread 0x000002055d027180 Thread added: 0x000002055e7a9150
Event: 2.750 Thread 0x000002055d027180 Thread added: 0x000002055e7aabe0
Event: 3.206 Thread 0x0000020574dee0c0 Thread added: 0x000002055f5d2a90


Dynamic libraries:
0x00007ff7fb740000 - 0x00007ff7fb74e000 	C:\Users\Admin\.jdks\corretto-17.0.14\bin\java.exe
0x00007ffa4d1b0000 - 0x00007ffa4d3c4000 	C:\Windows\SYSTEM32\ntdll.dll
0x00007ffa4b0c0000 - 0x00007ffa4b182000 	C:\Windows\System32\KERNEL32.DLL
0x00007ffa4a730000 - 0x00007ffa4aad3000 	C:\Windows\System32\KERNELBASE.dll
0x00007ffa4ab80000 - 0x00007ffa4ac91000 	C:\Windows\System32\ucrtbase.dll
0x00007ffa3cf00000 - 0x00007ffa3cf1b000 	C:\Users\Admin\.jdks\corretto-17.0.14\bin\VCRUNTIME140.dll
0x00007ffa45410000 - 0x00007ffa45427000 	C:\Users\Admin\.jdks\corretto-17.0.14\bin\jli.dll
0x00007ffa4c9a0000 - 0x00007ffa4cb4b000 	C:\Windows\System32\USER32.dll
0x00007ffa4ab50000 - 0x00007ffa4ab76000 	C:\Windows\System32\win32u.dll
0x00007ffa4cb60000 - 0x00007ffa4cb89000 	C:\Windows\System32\GDI32.dll
0x00007ffa4aca0000 - 0x00007ffa4adb8000 	C:\Windows\System32\gdi32full.dll
0x00007ffa36ea0000 - 0x00007ffa3712e000 	C:\Windows\WinSxS\amd64_microsoft.windows.common-controls_6595b64144ccf1df_6.0.22621.1635_none_270f70857386168e\COMCTL32.dll
0x00007ffa4a690000 - 0x00007ffa4a72a000 	C:\Windows\System32\msvcp_win.dll
0x00007ffa4c8c0000 - 0x00007ffa4c967000 	C:\Windows\System32\msvcrt.dll
0x00007ffa4c700000 - 0x00007ffa4c731000 	C:\Windows\System32\IMM32.DLL
0x000000005f530000 - 0x000000005f53c000 	C:\Program Files (x86)\360\Total Security\safemon\SafeWrapper.dll
0x00007ffa4bbb0000 - 0x00007ffa4bc5e000 	C:\Windows\System32\ADVAPI32.dll
0x00007ffa4cbf0000 - 0x00007ffa4cc94000 	C:\Windows\System32\sechost.dll
0x00007ffa4c040000 - 0x00007ffa4c157000 	C:\Windows\System32\RPCRT4.dll
0x00007ffa19ad0000 - 0x00007ffa19b7c000 	C:\Program Files (x86)\360\Total Security\safemon\libzdtp64.dll
0x00007ffa4b190000 - 0x00007ffa4b98a000 	C:\Windows\System32\SHELL32.dll
0x00007ffa4b990000 - 0x00007ffa4b9ee000 	C:\Windows\System32\SHLWAPI.dll
0x00007ffa4a020000 - 0x00007ffa4a02a000 	C:\Windows\SYSTEM32\VERSION.dll
0x00007ffa473b0000 - 0x00007ffa473bc000 	C:\Users\Admin\.jdks\corretto-17.0.14\bin\vcruntime140_1.dll
0x00007ffa3b530000 - 0x00007ffa3b5bd000 	C:\Users\Admin\.jdks\corretto-17.0.14\bin\msvcp140.dll
0x00007ff9cd460000 - 0x00007ff9ce0cc000 	C:\Users\Admin\.jdks\corretto-17.0.14\bin\server\jvm.dll
0x00007ffa4afb0000 - 0x00007ffa4b021000 	C:\Windows\System32\WS2_32.dll
0x00007ffa4a2a0000 - 0x00007ffa4a2ed000 	C:\Windows\SYSTEM32\POWRPROF.dll
0x00007ffa425b0000 - 0x00007ffa425e4000 	C:\Windows\SYSTEM32\WINMM.dll
0x00007ffa4a280000 - 0x00007ffa4a293000 	C:\Windows\SYSTEM32\UMPDC.dll
0x00007ffa49570000 - 0x00007ffa49588000 	C:\Windows\SYSTEM32\kernel.appcore.dll
0x00007ffa47370000 - 0x00007ffa4737a000 	C:\Users\Admin\.jdks\corretto-17.0.14\bin\jimage.dll
0x00007ffa480d0000 - 0x00007ffa482fe000 	C:\Windows\SYSTEM32\DBGHELP.DLL
0x00007ffa4bcb0000 - 0x00007ffa4c039000 	C:\Windows\System32\combase.dll
0x00007ffa4ccc0000 - 0x00007ffa4cd97000 	C:\Windows\System32\OLEAUT32.dll
0x00007ffa36b20000 - 0x00007ffa36b52000 	C:\Windows\SYSTEM32\dbgcore.DLL
0x00007ffa4adc0000 - 0x00007ffa4ae3b000 	C:\Windows\System32\bcryptPrimitives.dll
0x00007ffa3b4f0000 - 0x00007ffa3b52b000 	C:\Users\Admin\.jdks\corretto-17.0.14\bin\jdwp.dll
0x00007ffa3c880000 - 0x00007ffa3c88e000 	C:\Users\Admin\.jdks\corretto-17.0.14\bin\instrument.dll
0x00007ffa3ced0000 - 0x00007ffa3cef5000 	C:\Users\Admin\.jdks\corretto-17.0.14\bin\java.dll
0x00007ffa3c890000 - 0x00007ffa3c8a8000 	C:\Users\Admin\.jdks\corretto-17.0.14\bin\zip.dll
0x00007ffa1a780000 - 0x00007ffa1a857000 	C:\Users\Admin\.jdks\corretto-17.0.14\bin\jsvml.dll
0x00007ffa48510000 - 0x00007ffa48dde000 	C:\Windows\SYSTEM32\windows.storage.dll
0x00007ffa483d0000 - 0x00007ffa4850e000 	C:\Windows\SYSTEM32\wintypes.dll
0x00007ffa4c740000 - 0x00007ffa4c831000 	C:\Windows\System32\SHCORE.dll
0x00007ffa4a500000 - 0x00007ffa4a521000 	C:\Windows\SYSTEM32\profapi.dll
0x00007ffa3c870000 - 0x00007ffa3c87c000 	C:\Users\Admin\.jdks\corretto-17.0.14\bin\dt_socket.dll
0x00007ffa49080000 - 0x00007ffa490ad000 	C:\Windows\SYSTEM32\IPHLPAPI.DLL
0x00007ffa499d0000 - 0x00007ffa49a39000 	C:\Windows\system32\mswsock.dll
0x00007ffa3ceb0000 - 0x00007ffa3cec9000 	C:\Users\Admin\.jdks\corretto-17.0.14\bin\net.dll
0x00007ffa44980000 - 0x00007ffa44ab7000 	C:\Windows\SYSTEM32\WINHTTP.dll
0x00007ffa3c8b0000 - 0x00007ffa3c8c6000 	C:\Users\Admin\.jdks\corretto-17.0.14\bin\nio.dll
0x00007ffa3e9d0000 - 0x00007ffa3e9d9000 	C:\Users\Admin\.jdks\corretto-17.0.14\bin\extnet.dll
0x00007ffa3b4e0000 - 0x00007ffa3b4f0000 	C:\Users\Admin\.jdks\corretto-17.0.14\bin\verify.dll
0x00007ffa49cf0000 - 0x00007ffa49d0b000 	C:\Windows\SYSTEM32\CRYPTSP.dll
0x00007ffa494e0000 - 0x00007ffa49515000 	C:\Windows\system32\rsaenh.dll
0x00007ffa49a70000 - 0x00007ffa49a98000 	C:\Windows\SYSTEM32\USERENV.dll
0x00007ffa49eb0000 - 0x00007ffa49ed8000 	C:\Windows\SYSTEM32\bcrypt.dll
0x00007ffa49cd0000 - 0x00007ffa49cdc000 	C:\Windows\SYSTEM32\CRYPTBASE.dll
0x00007ffa4c970000 - 0x00007ffa4c979000 	C:\Windows\System32\NSI.dll
0x00007ffa43a50000 - 0x00007ffa43a69000 	C:\Windows\SYSTEM32\dhcpcsvc6.DLL
0x00007ffa43910000 - 0x00007ffa4392f000 	C:\Windows\SYSTEM32\dhcpcsvc.DLL
0x00007ffa49100000 - 0x00007ffa491f3000 	C:\Windows\SYSTEM32\DNSAPI.dll
0x00007ffa42600000 - 0x00007ffa4260e000 	C:\Users\Admin\.jdks\corretto-17.0.14\bin\sunmscapi.dll
0x00007ffa4ae40000 - 0x00007ffa4afa7000 	C:\Windows\System32\CRYPT32.dll
0x00007ffa49e80000 - 0x00007ffa49eae000 	C:\Windows\SYSTEM32\ncrypt.dll
0x00007ffa49dd0000 - 0x00007ffa49e07000 	C:\Windows\SYSTEM32\NTASN1.dll
0x00007ffa21770000 - 0x00007ffa21778000 	C:\Windows\system32\wshunix.dll
0x000000005f540000 - 0x000000005f566000 	C:\Program Files\Bonjour\mdnsNSP.dll
0x00007ffa42d10000 - 0x00007ffa42d1a000 	C:\Windows\System32\rasadhlp.dll
0x00007ffa427e0000 - 0x00007ffa42864000 	C:\Windows\System32\fwpuclnt.dll
0x00007ffa3d050000 - 0x00007ffa3d059000 	C:\Users\Admin\.jdks\corretto-17.0.14\bin\management.dll
0x00007ffa3cea0000 - 0x00007ffa3ceab000 	C:\Users\Admin\.jdks\corretto-17.0.14\bin\management_ext.dll
0x00007ffa4cb50000 - 0x00007ffa4cb58000 	C:\Windows\System32\PSAPI.DLL

dbghelp: loaded successfully - version: 4.0.5 - missing functions: none
symbol engine: initialized successfully - sym options: 0x614 - pdb path: .;C:\Users\Admin\.jdks\corretto-17.0.14\bin;C:\Windows\SYSTEM32;C:\Windows\WinSxS\amd64_microsoft.windows.common-controls_6595b64144ccf1df_6.0.22621.1635_none_270f70857386168e;C:\Program Files (x86)\360\Total Security\safemon;C:\Users\Admin\.jdks\corretto-17.0.14\bin\server;C:\Program Files\Bonjour

VM Arguments:
jvm_args: -agentlib:jdwp=transport=dt_socket,address=127.0.0.1:52503,suspend=y,server=n -ea -Didea.test.cyclic.buffer.size=1048576 -javaagent:C:\Users\Admin\AppData\Local\JetBrains\IdeaIC2024.3\captureAgent\debugger-agent.jar -Dkotlinx.coroutines.debug.enable.creation.stack.trace=false -Ddebugger.agent.enable.coroutines=true -Dkotlinx.coroutines.debug.enable.flows.stack.trace=true -Dkotlinx.coroutines.debug.enable.mutable.state.flows.stack.trace=true -Dfile.encoding=UTF-8 
java_command: com.intellij.rt.testng.RemoteTestNGStarter -usedefaultlisteners false -socket52502 @w@C:\Users\Admin\AppData\Local\Temp\idea_working_dirs_testng1.tmp -temp C:\Users\Admin\AppData\Local\Temp\idea_testng1.tmp
java_class_path (initial): C:\Program Files\JetBrains\IntelliJ IDEA Community Edition 2024.3.2.1\lib\idea_rt.jar;C:\Program Files\JetBrains\IntelliJ IDEA Community Edition 2024.3.2.1\plugins\testng\lib\testng-rt.jar;D:\JenkinsQA_Java_2025_spring\target\test-classes;C:\Users\Admin\.m2\repository\org\testng\testng\7.10.2\testng-7.10.2.jar;C:\Users\Admin\.m2\repository\org\slf4j\slf4j-api\1.7.36\slf4j-api-1.7.36.jar;C:\Users\Admin\.m2\repository\com\beust\jcommander\1.82\jcommander-1.82.jar;C:\Users\Admin\.m2\repository\org\webjars\jquery\3.7.1\jquery-3.7.1.jar;C:\Users\Admin\.m2\repository\org\seleniumhq\selenium\selenium-java\4.29.0\selenium-java-4.29.0.jar;C:\Users\Admin\.m2\repository\org\seleniumhq\selenium\selenium-api\4.29.0\selenium-api-4.29.0.jar;C:\Users\Admin\.m2\repository\org\jspecify\jspecify\1.0.0\jspecify-1.0.0.jar;C:\Users\Admin\.m2\repository\org\seleniumhq\selenium\selenium-chrome-driver\4.29.0\selenium-chrome-driver-4.29.0.jar;C:\Users\Admin\.m2\repository\com\google\auto\service\auto-service-annotations\1.1.1\auto-service-annotations-1.1.1.jar;C:\Users\Admin\.m2\repository\org\seleniumhq\selenium\selenium-chromium-driver\4.29.0\selenium-chromium-driver-4.29.0.jar;C:\Users\Admin\.m2\repository\org\seleniumhq\selenium\selenium-json\4.29.0\selenium-json-4.29.0.jar;C:\Users\Admin\.m2\repository\org\seleniumhq\selenium\selenium-manager\4.29.0\selenium-manager-4.29.0.jar;C:\Users\Admin\.m2\repository\org\seleniumhq\selenium\selenium-devtools-v131\4.29.0\selenium-devtools-v131-4.29.0.jar;C:\Users\Admin\.m2\repository\org\seleniumhq\selenium\selenium-devtools-v132\4.29.0\selenium-devtools-v132-4.29.0.jar;C:\Users\Admin\.m2\repository\org\seleniumhq\selenium\selenium-devtools-v133\4.29.0\selenium-devtools-v133-4.29.0.jar;C:\Users\Admin\.m2\repository\org\seleniumhq\selenium\selenium-devtools-v85\4.29.0\selenium-devtools-v85-4.29.0.jar;C:\Users\Admin\.m2\repository\org\seleniumhq\selenium\selenium-edge-driver\4.29.0\selenium-edge-driver-4.29.0.jar;C:\Users
Launcher Type: SUN_STANDARD

[Global flags]
     intx CICompilerCount                          = 4                                         {product} {ergonomic}
     uint ConcGCThreads                            = 3                                         {product} {ergonomic}
     uint G1ConcRefinementThreads                  = 10                                        {product} {ergonomic}
   size_t G1HeapRegionSize                         = 2097152                                   {product} {ergonomic}
    uintx GCDrainStackTargetSize                   = 64                                        {product} {ergonomic}
   size_t InitialHeapSize                          = 232783872                                 {product} {ergonomic}
   size_t MarkStackSize                            = 4194304                                   {product} {ergonomic}
   size_t MaxHeapSize                              = 3720347648                                {product} {ergonomic}
   size_t MaxNewSize                               = 2231369728                                {product} {ergonomic}
   size_t MinHeapDeltaBytes                        = 2097152                                   {product} {ergonomic}
   size_t MinHeapSize                              = 8388608                                   {product} {ergonomic}
    uintx NonNMethodCodeHeapSize                   = 5839372                                {pd product} {ergonomic}
    uintx NonProfiledCodeHeapSize                  = 122909434                              {pd product} {ergonomic}
    uintx ProfiledCodeHeapSize                     = 122909434                              {pd product} {ergonomic}
    uintx ReservedCodeCacheSize                    = 251658240                              {pd product} {ergonomic}
     bool SegmentedCodeCache                       = true                                      {product} {ergonomic}
   size_t SoftMaxHeapSize                          = 3720347648                             {manageable} {ergonomic}
     bool UseCompressedClassPointers               = true                           {product lp64_product} {ergonomic}
     bool UseCompressedOops                        = true                           {product lp64_product} {ergonomic}
     bool UseG1GC                                  = true                                      {product} {ergonomic}
     bool UseLargePagesIndividualAllocation        = false                                  {pd product} {ergonomic}

Logging:
Log output configuration:
 #0: stdout all=warning uptime,level,tags
 #1: stderr all=off uptime,level,tags

Environment Variables:
JAVA_HOME=C:\Program Files\Amazon Corretto\jdk17.0.14_7
PATH=C:\Program Files\Amazon Corretto\jdk17.0.14_7\bin;C:\Program Files\Common Files\Oracle\Java\javapath;C:\Windows\system32;C:\Windows;C:\Windows\System32\Wbem;C:\Windows\System32\WindowsPowerShell\v1.0\;C:\Program Files (x86)\Common Files\DivX Shared\DesktopService;C:\Program Files\Cloudflare\Cloudflare WARP\;C:\Program Files (x86)\gnupg\bin;C:\Program Files (x86)\Microsoft SQL Server\160\Tools\Binn\;C:\Program Files\Microsoft SQL Server\160\Tools\Binn\;C:\Program Files\Microsoft SQL Server\Client SDK\ODBC\170\Tools\Binn\;C:\Program Files\Microsoft SQL Server\160\DTS\Binn\;C:\Program Files\Git\cmd;C:\Program Files\dotnet\;C:\Program Files\MySQL\MySQL Shell 8.0\bin\;C:\Users\Admin\AppData\Local\Programs\Python\Python312\Scripts\;C:\Users\Admin\AppData\Local\Programs\Python\Python312\;C:\Users\Admin\AppData\Local\Microsoft\WindowsApps;C:\Users\Admin\AppData\Local\Programs\Microsoft VS Code\bin;C:\Program Files\Azure Data Studio\bin;C:\Program Files\Azure Data Studio\bin;C:\Users\Admin\.dotnet\tools;C:\Users\Admin\Downloads\apache-maven-3.9.9-bin\bin;
USERNAME=Admin
OS=Windows_NT
PROCESSOR_IDENTIFIER=AMD64 Family 25 Model 80 Stepping 0, AuthenticAMD
TMP=C:\Users\Admin\AppData\Local\Temp
TEMP=C:\Users\Admin\AppData\Local\Temp



Periodic native trim disabled


---------------  S Y S T E M  ---------------

OS:
 Windows 11 , 64 bit Build 22621 (10.0.22621.1635)
OS uptime: 0 days 1:06 hours
Hyper-V role detected

CPU: total 12 (initial active 12) (12 cores per cpu, 2 threads per core) family 25 model 80 stepping 0 microcode 0x0, cx8, cmov, fxsr, ht, mmx, 3dnowpref, sse, sse2, sse3, ssse3, sse4a, sse4.1, sse4.2, popcnt, lzcnt, tsc, tscinvbit, avx, avx2, aes, erms, clmul, bmi1, bmi2, adx, sha, fma, vzeroupper, clflush, clflushopt, hv
Processor Information for all 12 processors :
  Max Mhz: 2000, Current Mhz: 1890, Mhz Limit: 2000

Memory: 4k page, system-wide physical 14188M (4181M free)
TotalPageFile size 14188M (AvailPageFile size 16M)
current process WorkingSet (physical memory assigned to process): 162M, peak: 162M
current process commit charge ("private bytes"): 388M, peak: 392M

vm_info: OpenJDK 64-Bit Server VM (17.0.14+7-LTS) for windows-amd64 JRE (17.0.14+7-LTS), built on Jan  7 2025 20:14:24 by "Administrator" with MS VC++ 16.10 / 16.11 (VS2019)

END.
